c:\pm\pm\stm32workspace\stm32f100vldiscoverytrainingcmsis\visualgdb\debug\stm32f100vldiscoverytrainingcmsis
c:\pm\pm\stm32workspace\stm32f100vldiscoverytrainingcmsis\visualgdb\debug\stm32f100vldiscoverytrainingcmsis.link.rsp
c:\pm\pm\stm32workspace\stm32f100vldiscoverytrainingcmsis\visualgdb\debug\stm32f100vldiscoverytrainingcmsis.mkbin.rsp
c:\pm\pm\stm32workspace\stm32f100vldiscoverytrainingcmsis\visualgdb\debug\stm32f100vldiscoverytrainingcmsis.bin
c:\pm\pm\stm32workspace\stm32f100vldiscoverytrainingcmsis\stm32f100vldiscoverytrainingcmsis\visualgdb\debug\ledblink.o
c:\pm\pm\stm32workspace\stm32f100vldiscoverytrainingcmsis\stm32f100vldiscoverytrainingcmsis\visualgdb\debug\startup_stm32f100xb.o
c:\pm\pm\stm32workspace\stm32f100vldiscoverytrainingcmsis\stm32f100vldiscoverytrainingcmsis\visualgdb\debug\stm32f1xx_hal.o
c:\pm\pm\stm32workspace\stm32f100vldiscoverytrainingcmsis\stm32f100vldiscoverytrainingcmsis\visualgdb\debug\stm32f1xx_hal_adc.o
c:\pm\pm\stm32workspace\stm32f100vldiscoverytrainingcmsis\stm32f100vldiscoverytrainingcmsis\visualgdb\debug\stm32f1xx_hal_adc_ex.o
c:\pm\pm\stm32workspace\stm32f100vldiscoverytrainingcmsis\stm32f100vldiscoverytrainingcmsis\visualgdb\debug\stm32f1xx_hal_can.o
c:\pm\pm\stm32workspace\stm32f100vldiscoverytrainingcmsis\stm32f100vldiscoverytrainingcmsis\visualgdb\debug\stm32f1xx_hal_cec.o
c:\pm\pm\stm32workspace\stm32f100vldiscoverytrainingcmsis\stm32f100vldiscoverytrainingcmsis\visualgdb\debug\stm32f1xx_hal_cortex.o
c:\pm\pm\stm32workspace\stm32f100vldiscoverytrainingcmsis\stm32f100vldiscoverytrainingcmsis\visualgdb\debug\stm32f1xx_hal_crc.o
c:\pm\pm\stm32workspace\stm32f100vldiscoverytrainingcmsis\stm32f100vldiscoverytrainingcmsis\visualgdb\debug\stm32f1xx_hal_dac.o
c:\pm\pm\stm32workspace\stm32f100vldiscoverytrainingcmsis\stm32f100vldiscoverytrainingcmsis\visualgdb\debug\stm32f1xx_hal_dac_ex.o
c:\pm\pm\stm32workspace\stm32f100vldiscoverytrainingcmsis\stm32f100vldiscoverytrainingcmsis\visualgdb\debug\stm32f1xx_hal_dma.o
c:\pm\pm\stm32workspace\stm32f100vldiscoverytrainingcmsis\stm32f100vldiscoverytrainingcmsis\visualgdb\debug\stm32f1xx_hal_eth.o
c:\pm\pm\stm32workspace\stm32f100vldiscoverytrainingcmsis\stm32f100vldiscoverytrainingcmsis\visualgdb\debug\stm32f1xx_hal_flash.o
c:\pm\pm\stm32workspace\stm32f100vldiscoverytrainingcmsis\stm32f100vldiscoverytrainingcmsis\visualgdb\debug\stm32f1xx_hal_flash_ex.o
c:\pm\pm\stm32workspace\stm32f100vldiscoverytrainingcmsis\stm32f100vldiscoverytrainingcmsis\visualgdb\debug\stm32f1xx_hal_gpio.o
c:\pm\pm\stm32workspace\stm32f100vldiscoverytrainingcmsis\stm32f100vldiscoverytrainingcmsis\visualgdb\debug\stm32f1xx_hal_gpio_ex.o
c:\pm\pm\stm32workspace\stm32f100vldiscoverytrainingcmsis\stm32f100vldiscoverytrainingcmsis\visualgdb\debug\stm32f1xx_hal_hcd.o
c:\pm\pm\stm32workspace\stm32f100vldiscoverytrainingcmsis\stm32f100vldiscoverytrainingcmsis\visualgdb\debug\stm32f1xx_hal_i2c.o
c:\pm\pm\stm32workspace\stm32f100vldiscoverytrainingcmsis\stm32f100vldiscoverytrainingcmsis\visualgdb\debug\stm32f1xx_hal_i2s.o
c:\pm\pm\stm32workspace\stm32f100vldiscoverytrainingcmsis\stm32f100vldiscoverytrainingcmsis\visualgdb\debug\stm32f1xx_hal_irda.o
c:\pm\pm\stm32workspace\stm32f100vldiscoverytrainingcmsis\stm32f100vldiscoverytrainingcmsis\visualgdb\debug\stm32f1xx_hal_iwdg.o
c:\pm\pm\stm32workspace\stm32f100vldiscoverytrainingcmsis\stm32f100vldiscoverytrainingcmsis\visualgdb\debug\stm32f1xx_hal_mmc.o
c:\pm\pm\stm32workspace\stm32f100vldiscoverytrainingcmsis\stm32f100vldiscoverytrainingcmsis\visualgdb\debug\stm32f1xx_hal_nand.o
c:\pm\pm\stm32workspace\stm32f100vldiscoverytrainingcmsis\stm32f100vldiscoverytrainingcmsis\visualgdb\debug\stm32f1xx_hal_nor.o
c:\pm\pm\stm32workspace\stm32f100vldiscoverytrainingcmsis\stm32f100vldiscoverytrainingcmsis\visualgdb\debug\stm32f1xx_hal_pccard.o
c:\pm\pm\stm32workspace\stm32f100vldiscoverytrainingcmsis\stm32f100vldiscoverytrainingcmsis\visualgdb\debug\stm32f1xx_hal_pcd.o
c:\pm\pm\stm32workspace\stm32f100vldiscoverytrainingcmsis\stm32f100vldiscoverytrainingcmsis\visualgdb\debug\stm32f1xx_hal_pcd_ex.o
c:\pm\pm\stm32workspace\stm32f100vldiscoverytrainingcmsis\stm32f100vldiscoverytrainingcmsis\visualgdb\debug\stm32f1xx_hal_pwr.o
c:\pm\pm\stm32workspace\stm32f100vldiscoverytrainingcmsis\stm32f100vldiscoverytrainingcmsis\visualgdb\debug\stm32f1xx_hal_rcc.o
c:\pm\pm\stm32workspace\stm32f100vldiscoverytrainingcmsis\stm32f100vldiscoverytrainingcmsis\visualgdb\debug\stm32f1xx_hal_rcc_ex.o
c:\pm\pm\stm32workspace\stm32f100vldiscoverytrainingcmsis\stm32f100vldiscoverytrainingcmsis\visualgdb\debug\stm32f1xx_hal_rtc.o
c:\pm\pm\stm32workspace\stm32f100vldiscoverytrainingcmsis\stm32f100vldiscoverytrainingcmsis\visualgdb\debug\stm32f1xx_hal_rtc_ex.o
c:\pm\pm\stm32workspace\stm32f100vldiscoverytrainingcmsis\stm32f100vldiscoverytrainingcmsis\visualgdb\debug\stm32f1xx_hal_sd.o
c:\pm\pm\stm32workspace\stm32f100vldiscoverytrainingcmsis\stm32f100vldiscoverytrainingcmsis\visualgdb\debug\stm32f1xx_hal_smartcard.o
c:\pm\pm\stm32workspace\stm32f100vldiscoverytrainingcmsis\stm32f100vldiscoverytrainingcmsis\visualgdb\debug\stm32f1xx_hal_spi.o
c:\pm\pm\stm32workspace\stm32f100vldiscoverytrainingcmsis\stm32f100vldiscoverytrainingcmsis\visualgdb\debug\stm32f1xx_hal_spi_ex.o
c:\pm\pm\stm32workspace\stm32f100vldiscoverytrainingcmsis\stm32f100vldiscoverytrainingcmsis\visualgdb\debug\stm32f1xx_hal_sram.o
c:\pm\pm\stm32workspace\stm32f100vldiscoverytrainingcmsis\stm32f100vldiscoverytrainingcmsis\visualgdb\debug\stm32f1xx_hal_tim.o
c:\pm\pm\stm32workspace\stm32f100vldiscoverytrainingcmsis\stm32f100vldiscoverytrainingcmsis\visualgdb\debug\stm32f1xx_hal_tim_ex.o
c:\pm\pm\stm32workspace\stm32f100vldiscoverytrainingcmsis\stm32f100vldiscoverytrainingcmsis\visualgdb\debug\stm32f1xx_hal_uart.o
c:\pm\pm\stm32workspace\stm32f100vldiscoverytrainingcmsis\stm32f100vldiscoverytrainingcmsis\visualgdb\debug\stm32f1xx_hal_usart.o
c:\pm\pm\stm32workspace\stm32f100vldiscoverytrainingcmsis\stm32f100vldiscoverytrainingcmsis\visualgdb\debug\stm32f1xx_hal_wwdg.o
c:\pm\pm\stm32workspace\stm32f100vldiscoverytrainingcmsis\stm32f100vldiscoverytrainingcmsis\visualgdb\debug\stm32f1xx_ll_adc.o
c:\pm\pm\stm32workspace\stm32f100vldiscoverytrainingcmsis\stm32f100vldiscoverytrainingcmsis\visualgdb\debug\stm32f1xx_ll_crc.o
c:\pm\pm\stm32workspace\stm32f100vldiscoverytrainingcmsis\stm32f100vldiscoverytrainingcmsis\visualgdb\debug\stm32f1xx_ll_dac.o
c:\pm\pm\stm32workspace\stm32f100vldiscoverytrainingcmsis\stm32f100vldiscoverytrainingcmsis\visualgdb\debug\stm32f1xx_ll_dma.o
c:\pm\pm\stm32workspace\stm32f100vldiscoverytrainingcmsis\stm32f100vldiscoverytrainingcmsis\visualgdb\debug\stm32f1xx_ll_exti.o
c:\pm\pm\stm32workspace\stm32f100vldiscoverytrainingcmsis\stm32f100vldiscoverytrainingcmsis\visualgdb\debug\stm32f1xx_ll_fsmc.o
c:\pm\pm\stm32workspace\stm32f100vldiscoverytrainingcmsis\stm32f100vldiscoverytrainingcmsis\visualgdb\debug\stm32f1xx_ll_gpio.o
c:\pm\pm\stm32workspace\stm32f100vldiscoverytrainingcmsis\stm32f100vldiscoverytrainingcmsis\visualgdb\debug\stm32f1xx_ll_i2c.o
c:\pm\pm\stm32workspace\stm32f100vldiscoverytrainingcmsis\stm32f100vldiscoverytrainingcmsis\visualgdb\debug\stm32f1xx_ll_pwr.o
c:\pm\pm\stm32workspace\stm32f100vldiscoverytrainingcmsis\stm32f100vldiscoverytrainingcmsis\visualgdb\debug\stm32f1xx_ll_rcc.o
c:\pm\pm\stm32workspace\stm32f100vldiscoverytrainingcmsis\stm32f100vldiscoverytrainingcmsis\visualgdb\debug\stm32f1xx_ll_rtc.o
c:\pm\pm\stm32workspace\stm32f100vldiscoverytrainingcmsis\stm32f100vldiscoverytrainingcmsis\visualgdb\debug\stm32f1xx_ll_sdmmc.o
c:\pm\pm\stm32workspace\stm32f100vldiscoverytrainingcmsis\stm32f100vldiscoverytrainingcmsis\visualgdb\debug\stm32f1xx_ll_spi.o
c:\pm\pm\stm32workspace\stm32f100vldiscoverytrainingcmsis\stm32f100vldiscoverytrainingcmsis\visualgdb\debug\stm32f1xx_ll_tim.o
c:\pm\pm\stm32workspace\stm32f100vldiscoverytrainingcmsis\stm32f100vldiscoverytrainingcmsis\visualgdb\debug\stm32f1xx_ll_usart.o
c:\pm\pm\stm32workspace\stm32f100vldiscoverytrainingcmsis\stm32f100vldiscoverytrainingcmsis\visualgdb\debug\stm32f1xx_ll_usb.o
c:\pm\pm\stm32workspace\stm32f100vldiscoverytrainingcmsis\stm32f100vldiscoverytrainingcmsis\visualgdb\debug\stm32f1xx_ll_utils.o
c:\pm\pm\stm32workspace\stm32f100vldiscoverytrainingcmsis\stm32f100vldiscoverytrainingcmsis\visualgdb\debug\system_stm32f1xx.o
c:\pm\pm\stm32workspace\stm32f100vldiscoverytrainingcmsis\stm32f100vldiscoverytrainingcmsis\visualgdb\debug\ledblink.dep
c:\pm\pm\stm32workspace\stm32f100vldiscoverytrainingcmsis\stm32f100vldiscoverytrainingcmsis\visualgdb\debug\startup_stm32f100xb.dep
c:\pm\pm\stm32workspace\stm32f100vldiscoverytrainingcmsis\stm32f100vldiscoverytrainingcmsis\visualgdb\debug\stm32f1xx_hal.dep
c:\pm\pm\stm32workspace\stm32f100vldiscoverytrainingcmsis\stm32f100vldiscoverytrainingcmsis\visualgdb\debug\stm32f1xx_hal_adc.dep
c:\pm\pm\stm32workspace\stm32f100vldiscoverytrainingcmsis\stm32f100vldiscoverytrainingcmsis\visualgdb\debug\stm32f1xx_hal_adc_ex.dep
c:\pm\pm\stm32workspace\stm32f100vldiscoverytrainingcmsis\stm32f100vldiscoverytrainingcmsis\visualgdb\debug\stm32f1xx_hal_can.dep
c:\pm\pm\stm32workspace\stm32f100vldiscoverytrainingcmsis\stm32f100vldiscoverytrainingcmsis\visualgdb\debug\stm32f1xx_hal_cec.dep
c:\pm\pm\stm32workspace\stm32f100vldiscoverytrainingcmsis\stm32f100vldiscoverytrainingcmsis\visualgdb\debug\stm32f1xx_hal_cortex.dep
c:\pm\pm\stm32workspace\stm32f100vldiscoverytrainingcmsis\stm32f100vldiscoverytrainingcmsis\visualgdb\debug\stm32f1xx_hal_crc.dep
c:\pm\pm\stm32workspace\stm32f100vldiscoverytrainingcmsis\stm32f100vldiscoverytrainingcmsis\visualgdb\debug\stm32f1xx_hal_dac.dep
c:\pm\pm\stm32workspace\stm32f100vldiscoverytrainingcmsis\stm32f100vldiscoverytrainingcmsis\visualgdb\debug\stm32f1xx_hal_dac_ex.dep
c:\pm\pm\stm32workspace\stm32f100vldiscoverytrainingcmsis\stm32f100vldiscoverytrainingcmsis\visualgdb\debug\stm32f1xx_hal_dma.dep
c:\pm\pm\stm32workspace\stm32f100vldiscoverytrainingcmsis\stm32f100vldiscoverytrainingcmsis\visualgdb\debug\stm32f1xx_hal_eth.dep
c:\pm\pm\stm32workspace\stm32f100vldiscoverytrainingcmsis\stm32f100vldiscoverytrainingcmsis\visualgdb\debug\stm32f1xx_hal_flash.dep
c:\pm\pm\stm32workspace\stm32f100vldiscoverytrainingcmsis\stm32f100vldiscoverytrainingcmsis\visualgdb\debug\stm32f1xx_hal_flash_ex.dep
c:\pm\pm\stm32workspace\stm32f100vldiscoverytrainingcmsis\stm32f100vldiscoverytrainingcmsis\visualgdb\debug\stm32f1xx_hal_gpio.dep
c:\pm\pm\stm32workspace\stm32f100vldiscoverytrainingcmsis\stm32f100vldiscoverytrainingcmsis\visualgdb\debug\stm32f1xx_hal_gpio_ex.dep
c:\pm\pm\stm32workspace\stm32f100vldiscoverytrainingcmsis\stm32f100vldiscoverytrainingcmsis\visualgdb\debug\stm32f1xx_hal_hcd.dep
c:\pm\pm\stm32workspace\stm32f100vldiscoverytrainingcmsis\stm32f100vldiscoverytrainingcmsis\visualgdb\debug\stm32f1xx_hal_i2c.dep
c:\pm\pm\stm32workspace\stm32f100vldiscoverytrainingcmsis\stm32f100vldiscoverytrainingcmsis\visualgdb\debug\stm32f1xx_hal_i2s.dep
c:\pm\pm\stm32workspace\stm32f100vldiscoverytrainingcmsis\stm32f100vldiscoverytrainingcmsis\visualgdb\debug\stm32f1xx_hal_irda.dep
c:\pm\pm\stm32workspace\stm32f100vldiscoverytrainingcmsis\stm32f100vldiscoverytrainingcmsis\visualgdb\debug\stm32f1xx_hal_iwdg.dep
c:\pm\pm\stm32workspace\stm32f100vldiscoverytrainingcmsis\stm32f100vldiscoverytrainingcmsis\visualgdb\debug\stm32f1xx_hal_mmc.dep
c:\pm\pm\stm32workspace\stm32f100vldiscoverytrainingcmsis\stm32f100vldiscoverytrainingcmsis\visualgdb\debug\stm32f1xx_hal_nand.dep
c:\pm\pm\stm32workspace\stm32f100vldiscoverytrainingcmsis\stm32f100vldiscoverytrainingcmsis\visualgdb\debug\stm32f1xx_hal_nor.dep
c:\pm\pm\stm32workspace\stm32f100vldiscoverytrainingcmsis\stm32f100vldiscoverytrainingcmsis\visualgdb\debug\stm32f1xx_hal_pccard.dep
c:\pm\pm\stm32workspace\stm32f100vldiscoverytrainingcmsis\stm32f100vldiscoverytrainingcmsis\visualgdb\debug\stm32f1xx_hal_pcd.dep
c:\pm\pm\stm32workspace\stm32f100vldiscoverytrainingcmsis\stm32f100vldiscoverytrainingcmsis\visualgdb\debug\stm32f1xx_hal_pcd_ex.dep
c:\pm\pm\stm32workspace\stm32f100vldiscoverytrainingcmsis\stm32f100vldiscoverytrainingcmsis\visualgdb\debug\stm32f1xx_hal_pwr.dep
c:\pm\pm\stm32workspace\stm32f100vldiscoverytrainingcmsis\stm32f100vldiscoverytrainingcmsis\visualgdb\debug\stm32f1xx_hal_rcc.dep
c:\pm\pm\stm32workspace\stm32f100vldiscoverytrainingcmsis\stm32f100vldiscoverytrainingcmsis\visualgdb\debug\stm32f1xx_hal_rcc_ex.dep
c:\pm\pm\stm32workspace\stm32f100vldiscoverytrainingcmsis\stm32f100vldiscoverytrainingcmsis\visualgdb\debug\stm32f1xx_hal_rtc.dep
c:\pm\pm\stm32workspace\stm32f100vldiscoverytrainingcmsis\stm32f100vldiscoverytrainingcmsis\visualgdb\debug\stm32f1xx_hal_rtc_ex.dep
c:\pm\pm\stm32workspace\stm32f100vldiscoverytrainingcmsis\stm32f100vldiscoverytrainingcmsis\visualgdb\debug\stm32f1xx_hal_sd.dep
c:\pm\pm\stm32workspace\stm32f100vldiscoverytrainingcmsis\stm32f100vldiscoverytrainingcmsis\visualgdb\debug\stm32f1xx_hal_smartcard.dep
c:\pm\pm\stm32workspace\stm32f100vldiscoverytrainingcmsis\stm32f100vldiscoverytrainingcmsis\visualgdb\debug\stm32f1xx_hal_spi.dep
c:\pm\pm\stm32workspace\stm32f100vldiscoverytrainingcmsis\stm32f100vldiscoverytrainingcmsis\visualgdb\debug\stm32f1xx_hal_spi_ex.dep
c:\pm\pm\stm32workspace\stm32f100vldiscoverytrainingcmsis\stm32f100vldiscoverytrainingcmsis\visualgdb\debug\stm32f1xx_hal_sram.dep
c:\pm\pm\stm32workspace\stm32f100vldiscoverytrainingcmsis\stm32f100vldiscoverytrainingcmsis\visualgdb\debug\stm32f1xx_hal_tim.dep
c:\pm\pm\stm32workspace\stm32f100vldiscoverytrainingcmsis\stm32f100vldiscoverytrainingcmsis\visualgdb\debug\stm32f1xx_hal_tim_ex.dep
c:\pm\pm\stm32workspace\stm32f100vldiscoverytrainingcmsis\stm32f100vldiscoverytrainingcmsis\visualgdb\debug\stm32f1xx_hal_uart.dep
c:\pm\pm\stm32workspace\stm32f100vldiscoverytrainingcmsis\stm32f100vldiscoverytrainingcmsis\visualgdb\debug\stm32f1xx_hal_usart.dep
c:\pm\pm\stm32workspace\stm32f100vldiscoverytrainingcmsis\stm32f100vldiscoverytrainingcmsis\visualgdb\debug\stm32f1xx_hal_wwdg.dep
c:\pm\pm\stm32workspace\stm32f100vldiscoverytrainingcmsis\stm32f100vldiscoverytrainingcmsis\visualgdb\debug\stm32f1xx_ll_adc.dep
c:\pm\pm\stm32workspace\stm32f100vldiscoverytrainingcmsis\stm32f100vldiscoverytrainingcmsis\visualgdb\debug\stm32f1xx_ll_crc.dep
c:\pm\pm\stm32workspace\stm32f100vldiscoverytrainingcmsis\stm32f100vldiscoverytrainingcmsis\visualgdb\debug\stm32f1xx_ll_dac.dep
c:\pm\pm\stm32workspace\stm32f100vldiscoverytrainingcmsis\stm32f100vldiscoverytrainingcmsis\visualgdb\debug\stm32f1xx_ll_dma.dep
c:\pm\pm\stm32workspace\stm32f100vldiscoverytrainingcmsis\stm32f100vldiscoverytrainingcmsis\visualgdb\debug\stm32f1xx_ll_exti.dep
c:\pm\pm\stm32workspace\stm32f100vldiscoverytrainingcmsis\stm32f100vldiscoverytrainingcmsis\visualgdb\debug\stm32f1xx_ll_fsmc.dep
c:\pm\pm\stm32workspace\stm32f100vldiscoverytrainingcmsis\stm32f100vldiscoverytrainingcmsis\visualgdb\debug\stm32f1xx_ll_gpio.dep
c:\pm\pm\stm32workspace\stm32f100vldiscoverytrainingcmsis\stm32f100vldiscoverytrainingcmsis\visualgdb\debug\stm32f1xx_ll_i2c.dep
c:\pm\pm\stm32workspace\stm32f100vldiscoverytrainingcmsis\stm32f100vldiscoverytrainingcmsis\visualgdb\debug\stm32f1xx_ll_pwr.dep
c:\pm\pm\stm32workspace\stm32f100vldiscoverytrainingcmsis\stm32f100vldiscoverytrainingcmsis\visualgdb\debug\stm32f1xx_ll_rcc.dep
c:\pm\pm\stm32workspace\stm32f100vldiscoverytrainingcmsis\stm32f100vldiscoverytrainingcmsis\visualgdb\debug\stm32f1xx_ll_rtc.dep
c:\pm\pm\stm32workspace\stm32f100vldiscoverytrainingcmsis\stm32f100vldiscoverytrainingcmsis\visualgdb\debug\stm32f1xx_ll_sdmmc.dep
c:\pm\pm\stm32workspace\stm32f100vldiscoverytrainingcmsis\stm32f100vldiscoverytrainingcmsis\visualgdb\debug\stm32f1xx_ll_spi.dep
c:\pm\pm\stm32workspace\stm32f100vldiscoverytrainingcmsis\stm32f100vldiscoverytrainingcmsis\visualgdb\debug\stm32f1xx_ll_tim.dep
c:\pm\pm\stm32workspace\stm32f100vldiscoverytrainingcmsis\stm32f100vldiscoverytrainingcmsis\visualgdb\debug\stm32f1xx_ll_usart.dep
c:\pm\pm\stm32workspace\stm32f100vldiscoverytrainingcmsis\stm32f100vldiscoverytrainingcmsis\visualgdb\debug\stm32f1xx_ll_usb.dep
c:\pm\pm\stm32workspace\stm32f100vldiscoverytrainingcmsis\stm32f100vldiscoverytrainingcmsis\visualgdb\debug\stm32f1xx_ll_utils.dep
c:\pm\pm\stm32workspace\stm32f100vldiscoverytrainingcmsis\stm32f100vldiscoverytrainingcmsis\visualgdb\debug\system_stm32f1xx.dep
c:\pm\pm\stm32workspace\stm32f100vldiscoverytrainingcmsis\stm32f100vldiscoverytrainingcmsis\visualgdb\debug\ledblink.gcc.rsp
c:\pm\pm\stm32workspace\stm32f100vldiscoverytrainingcmsis\stm32f100vldiscoverytrainingcmsis\visualgdb\debug\startup_stm32f100xb.gcc.rsp
c:\pm\pm\stm32workspace\stm32f100vldiscoverytrainingcmsis\stm32f100vldiscoverytrainingcmsis\visualgdb\debug\stm32f1xx_hal.gcc.rsp
c:\pm\pm\stm32workspace\stm32f100vldiscoverytrainingcmsis\stm32f100vldiscoverytrainingcmsis\visualgdb\debug\stm32f1xx_hal_adc.gcc.rsp
c:\pm\pm\stm32workspace\stm32f100vldiscoverytrainingcmsis\stm32f100vldiscoverytrainingcmsis\visualgdb\debug\stm32f1xx_hal_adc_ex.gcc.rsp
c:\pm\pm\stm32workspace\stm32f100vldiscoverytrainingcmsis\stm32f100vldiscoverytrainingcmsis\visualgdb\debug\stm32f1xx_hal_can.gcc.rsp
c:\pm\pm\stm32workspace\stm32f100vldiscoverytrainingcmsis\stm32f100vldiscoverytrainingcmsis\visualgdb\debug\stm32f1xx_hal_cec.gcc.rsp
c:\pm\pm\stm32workspace\stm32f100vldiscoverytrainingcmsis\stm32f100vldiscoverytrainingcmsis\visualgdb\debug\stm32f1xx_hal_cortex.gcc.rsp
c:\pm\pm\stm32workspace\stm32f100vldiscoverytrainingcmsis\stm32f100vldiscoverytrainingcmsis\visualgdb\debug\stm32f1xx_hal_crc.gcc.rsp
c:\pm\pm\stm32workspace\stm32f100vldiscoverytrainingcmsis\stm32f100vldiscoverytrainingcmsis\visualgdb\debug\stm32f1xx_hal_dac.gcc.rsp
c:\pm\pm\stm32workspace\stm32f100vldiscoverytrainingcmsis\stm32f100vldiscoverytrainingcmsis\visualgdb\debug\stm32f1xx_hal_dac_ex.gcc.rsp
c:\pm\pm\stm32workspace\stm32f100vldiscoverytrainingcmsis\stm32f100vldiscoverytrainingcmsis\visualgdb\debug\stm32f1xx_hal_dma.gcc.rsp
c:\pm\pm\stm32workspace\stm32f100vldiscoverytrainingcmsis\stm32f100vldiscoverytrainingcmsis\visualgdb\debug\stm32f1xx_hal_eth.gcc.rsp
c:\pm\pm\stm32workspace\stm32f100vldiscoverytrainingcmsis\stm32f100vldiscoverytrainingcmsis\visualgdb\debug\stm32f1xx_hal_flash.gcc.rsp
c:\pm\pm\stm32workspace\stm32f100vldiscoverytrainingcmsis\stm32f100vldiscoverytrainingcmsis\visualgdb\debug\stm32f1xx_hal_flash_ex.gcc.rsp
c:\pm\pm\stm32workspace\stm32f100vldiscoverytrainingcmsis\stm32f100vldiscoverytrainingcmsis\visualgdb\debug\stm32f1xx_hal_gpio.gcc.rsp
c:\pm\pm\stm32workspace\stm32f100vldiscoverytrainingcmsis\stm32f100vldiscoverytrainingcmsis\visualgdb\debug\stm32f1xx_hal_gpio_ex.gcc.rsp
c:\pm\pm\stm32workspace\stm32f100vldiscoverytrainingcmsis\stm32f100vldiscoverytrainingcmsis\visualgdb\debug\stm32f1xx_hal_hcd.gcc.rsp
c:\pm\pm\stm32workspace\stm32f100vldiscoverytrainingcmsis\stm32f100vldiscoverytrainingcmsis\visualgdb\debug\stm32f1xx_hal_i2c.gcc.rsp
c:\pm\pm\stm32workspace\stm32f100vldiscoverytrainingcmsis\stm32f100vldiscoverytrainingcmsis\visualgdb\debug\stm32f1xx_hal_i2s.gcc.rsp
c:\pm\pm\stm32workspace\stm32f100vldiscoverytrainingcmsis\stm32f100vldiscoverytrainingcmsis\visualgdb\debug\stm32f1xx_hal_irda.gcc.rsp
c:\pm\pm\stm32workspace\stm32f100vldiscoverytrainingcmsis\stm32f100vldiscoverytrainingcmsis\visualgdb\debug\stm32f1xx_hal_iwdg.gcc.rsp
c:\pm\pm\stm32workspace\stm32f100vldiscoverytrainingcmsis\stm32f100vldiscoverytrainingcmsis\visualgdb\debug\stm32f1xx_hal_mmc.gcc.rsp
c:\pm\pm\stm32workspace\stm32f100vldiscoverytrainingcmsis\stm32f100vldiscoverytrainingcmsis\visualgdb\debug\stm32f1xx_hal_nand.gcc.rsp
c:\pm\pm\stm32workspace\stm32f100vldiscoverytrainingcmsis\stm32f100vldiscoverytrainingcmsis\visualgdb\debug\stm32f1xx_hal_nor.gcc.rsp
c:\pm\pm\stm32workspace\stm32f100vldiscoverytrainingcmsis\stm32f100vldiscoverytrainingcmsis\visualgdb\debug\stm32f1xx_hal_pccard.gcc.rsp
c:\pm\pm\stm32workspace\stm32f100vldiscoverytrainingcmsis\stm32f100vldiscoverytrainingcmsis\visualgdb\debug\stm32f1xx_hal_pcd.gcc.rsp
c:\pm\pm\stm32workspace\stm32f100vldiscoverytrainingcmsis\stm32f100vldiscoverytrainingcmsis\visualgdb\debug\stm32f1xx_hal_pcd_ex.gcc.rsp
c:\pm\pm\stm32workspace\stm32f100vldiscoverytrainingcmsis\stm32f100vldiscoverytrainingcmsis\visualgdb\debug\stm32f1xx_hal_pwr.gcc.rsp
c:\pm\pm\stm32workspace\stm32f100vldiscoverytrainingcmsis\stm32f100vldiscoverytrainingcmsis\visualgdb\debug\stm32f1xx_hal_rcc.gcc.rsp
c:\pm\pm\stm32workspace\stm32f100vldiscoverytrainingcmsis\stm32f100vldiscoverytrainingcmsis\visualgdb\debug\stm32f1xx_hal_rcc_ex.gcc.rsp
c:\pm\pm\stm32workspace\stm32f100vldiscoverytrainingcmsis\stm32f100vldiscoverytrainingcmsis\visualgdb\debug\stm32f1xx_hal_rtc.gcc.rsp
c:\pm\pm\stm32workspace\stm32f100vldiscoverytrainingcmsis\stm32f100vldiscoverytrainingcmsis\visualgdb\debug\stm32f1xx_hal_rtc_ex.gcc.rsp
c:\pm\pm\stm32workspace\stm32f100vldiscoverytrainingcmsis\stm32f100vldiscoverytrainingcmsis\visualgdb\debug\stm32f1xx_hal_sd.gcc.rsp
c:\pm\pm\stm32workspace\stm32f100vldiscoverytrainingcmsis\stm32f100vldiscoverytrainingcmsis\visualgdb\debug\stm32f1xx_hal_smartcard.gcc.rsp
c:\pm\pm\stm32workspace\stm32f100vldiscoverytrainingcmsis\stm32f100vldiscoverytrainingcmsis\visualgdb\debug\stm32f1xx_hal_spi.gcc.rsp
c:\pm\pm\stm32workspace\stm32f100vldiscoverytrainingcmsis\stm32f100vldiscoverytrainingcmsis\visualgdb\debug\stm32f1xx_hal_spi_ex.gcc.rsp
c:\pm\pm\stm32workspace\stm32f100vldiscoverytrainingcmsis\stm32f100vldiscoverytrainingcmsis\visualgdb\debug\stm32f1xx_hal_sram.gcc.rsp
c:\pm\pm\stm32workspace\stm32f100vldiscoverytrainingcmsis\stm32f100vldiscoverytrainingcmsis\visualgdb\debug\stm32f1xx_hal_tim.gcc.rsp
c:\pm\pm\stm32workspace\stm32f100vldiscoverytrainingcmsis\stm32f100vldiscoverytrainingcmsis\visualgdb\debug\stm32f1xx_hal_tim_ex.gcc.rsp
c:\pm\pm\stm32workspace\stm32f100vldiscoverytrainingcmsis\stm32f100vldiscoverytrainingcmsis\visualgdb\debug\stm32f1xx_hal_uart.gcc.rsp
c:\pm\pm\stm32workspace\stm32f100vldiscoverytrainingcmsis\stm32f100vldiscoverytrainingcmsis\visualgdb\debug\stm32f1xx_hal_usart.gcc.rsp
c:\pm\pm\stm32workspace\stm32f100vldiscoverytrainingcmsis\stm32f100vldiscoverytrainingcmsis\visualgdb\debug\stm32f1xx_hal_wwdg.gcc.rsp
c:\pm\pm\stm32workspace\stm32f100vldiscoverytrainingcmsis\stm32f100vldiscoverytrainingcmsis\visualgdb\debug\stm32f1xx_ll_adc.gcc.rsp
c:\pm\pm\stm32workspace\stm32f100vldiscoverytrainingcmsis\stm32f100vldiscoverytrainingcmsis\visualgdb\debug\stm32f1xx_ll_crc.gcc.rsp
c:\pm\pm\stm32workspace\stm32f100vldiscoverytrainingcmsis\stm32f100vldiscoverytrainingcmsis\visualgdb\debug\stm32f1xx_ll_dac.gcc.rsp
c:\pm\pm\stm32workspace\stm32f100vldiscoverytrainingcmsis\stm32f100vldiscoverytrainingcmsis\visualgdb\debug\stm32f1xx_ll_dma.gcc.rsp
c:\pm\pm\stm32workspace\stm32f100vldiscoverytrainingcmsis\stm32f100vldiscoverytrainingcmsis\visualgdb\debug\stm32f1xx_ll_exti.gcc.rsp
c:\pm\pm\stm32workspace\stm32f100vldiscoverytrainingcmsis\stm32f100vldiscoverytrainingcmsis\visualgdb\debug\stm32f1xx_ll_fsmc.gcc.rsp
c:\pm\pm\stm32workspace\stm32f100vldiscoverytrainingcmsis\stm32f100vldiscoverytrainingcmsis\visualgdb\debug\stm32f1xx_ll_gpio.gcc.rsp
c:\pm\pm\stm32workspace\stm32f100vldiscoverytrainingcmsis\stm32f100vldiscoverytrainingcmsis\visualgdb\debug\stm32f1xx_ll_i2c.gcc.rsp
c:\pm\pm\stm32workspace\stm32f100vldiscoverytrainingcmsis\stm32f100vldiscoverytrainingcmsis\visualgdb\debug\stm32f1xx_ll_pwr.gcc.rsp
c:\pm\pm\stm32workspace\stm32f100vldiscoverytrainingcmsis\stm32f100vldiscoverytrainingcmsis\visualgdb\debug\stm32f1xx_ll_rcc.gcc.rsp
c:\pm\pm\stm32workspace\stm32f100vldiscoverytrainingcmsis\stm32f100vldiscoverytrainingcmsis\visualgdb\debug\stm32f1xx_ll_rtc.gcc.rsp
c:\pm\pm\stm32workspace\stm32f100vldiscoverytrainingcmsis\stm32f100vldiscoverytrainingcmsis\visualgdb\debug\stm32f1xx_ll_sdmmc.gcc.rsp
c:\pm\pm\stm32workspace\stm32f100vldiscoverytrainingcmsis\stm32f100vldiscoverytrainingcmsis\visualgdb\debug\stm32f1xx_ll_spi.gcc.rsp
c:\pm\pm\stm32workspace\stm32f100vldiscoverytrainingcmsis\stm32f100vldiscoverytrainingcmsis\visualgdb\debug\stm32f1xx_ll_tim.gcc.rsp
c:\pm\pm\stm32workspace\stm32f100vldiscoverytrainingcmsis\stm32f100vldiscoverytrainingcmsis\visualgdb\debug\stm32f1xx_ll_usart.gcc.rsp
c:\pm\pm\stm32workspace\stm32f100vldiscoverytrainingcmsis\stm32f100vldiscoverytrainingcmsis\visualgdb\debug\stm32f1xx_ll_usb.gcc.rsp
c:\pm\pm\stm32workspace\stm32f100vldiscoverytrainingcmsis\stm32f100vldiscoverytrainingcmsis\visualgdb\debug\stm32f1xx_ll_utils.gcc.rsp
c:\pm\pm\stm32workspace\stm32f100vldiscoverytrainingcmsis\stm32f100vldiscoverytrainingcmsis\visualgdb\debug\system_stm32f1xx.gcc.rsp
c:\pm\pm\stm32workspace\stm32f100vldiscoverytrainingcmsis\stm32f100vldiscoverytrainingcmsis\visualgdb\debug\stm32f100vldiscoverytrainingcmsis.alldeps
